<?xml version="1.0" encoding="UTF-8"?>
<testng-results ignored="0" total="7" passed="7" failed="0" skipped="0">
  <reporter-output>
  </reporter-output>
  <suite started-at="2022-04-05T11:58:34 IST" name="Default suite" finished-at="2022-04-05T12:01:38 IST" duration-ms="184637">
    <groups>
      <group name="cucumber">
        <method signature="AbstractTestNGCucumberTests.runScenario(io.cucumber.testng.PickleWrapper,io.cucumber.testng.FeatureWrapper)[pri:0, instance:Runner.RunnerIo@306e95ec]" name="runScenario" class="io.cucumber.testng.AbstractTestNGCucumberTests"/>
      </group> <!-- cucumber -->
    </groups>
    <test started-at="2022-04-05T11:58:34 IST" name="Default test" finished-at="2022-04-05T12:01:38 IST" duration-ms="184637">
      <class name="Runner.RunnerIo">
        <test-method is-config="true" signature="setUpClass()[pri:0, instance:Runner.RunnerIo@306e95ec]" started-at="2022-04-05T11:58:34 IST" name="setUpClass" finished-at="2022-04-05T11:58:35 IST" duration-ms="991" status="PASS">
          <reporter-output>
          </reporter-output>
        </test-method> <!-- setUpClass -->
        <test-method signature="runScenario(io.cucumber.testng.PickleWrapper,io.cucumber.testng.FeatureWrapper)[pri:0, instance:Runner.RunnerIo@306e95ec]" started-at="2022-04-05T11:58:35 IST" name="runScenario" description="Runs Cucumber Scenarios" data-provider="scenarios" finished-at="2022-04-05T11:59:38 IST" duration-ms="63295" status="PASS">
          <params>
            <param index="0">
              <value>
                <![CDATA["As a user i will login to application and create a organization"]]>
              </value>
            </param>
            <param index="1">
              <value>
                <![CDATA["Optional[organization module]"]]>
              </value>
            </param>
          </params>
          <reporter-output>
          </reporter-output>
        </test-method> <!-- runScenario -->
        <test-method signature="runScenario(io.cucumber.testng.PickleWrapper,io.cucumber.testng.FeatureWrapper)[pri:0, instance:Runner.RunnerIo@306e95ec]" started-at="2022-04-05T11:59:38 IST" name="runScenario" description="Runs Cucumber Scenarios" data-provider="scenarios" finished-at="2022-04-05T12:00:10 IST" duration-ms="32055" status="PASS">
          <params>
            <param index="0">
              <value>
                <![CDATA["As a user i will login to application and create Multiple organization organization"]]>
              </value>
            </param>
            <param index="1">
              <value>
                <![CDATA["Optional[organization module]"]]>
              </value>
            </param>
          </params>
          <reporter-output>
          </reporter-output>
        </test-method> <!-- runScenario -->
        <test-method signature="runScenario(io.cucumber.testng.PickleWrapper,io.cucumber.testng.FeatureWrapper)[pri:0, instance:Runner.RunnerIo@306e95ec]" started-at="2022-04-05T12:00:10 IST" name="runScenario" description="Runs Cucumber Scenarios" data-provider="scenarios" finished-at="2022-04-05T12:00:40 IST" duration-ms="29453" status="PASS">
          <params>
            <param index="0">
              <value>
                <![CDATA["As a user i will login to application and create Multiple organization organization"]]>
              </value>
            </param>
            <param index="1">
              <value>
                <![CDATA["Optional[organization module]"]]>
              </value>
            </param>
          </params>
          <reporter-output>
          </reporter-output>
        </test-method> <!-- runScenario -->
        <test-method signature="runScenario(io.cucumber.testng.PickleWrapper,io.cucumber.testng.FeatureWrapper)[pri:0, instance:Runner.RunnerIo@306e95ec]" started-at="2022-04-05T12:00:40 IST" name="runScenario" description="Runs Cucumber Scenarios" data-provider="scenarios" finished-at="2022-04-05T12:01:09 IST" duration-ms="29652" status="PASS">
          <params>
            <param index="0">
              <value>
                <![CDATA["As a user i will login to application and create Multiple organization organization"]]>
              </value>
            </param>
            <param index="1">
              <value>
                <![CDATA["Optional[organization module]"]]>
              </value>
            </param>
          </params>
          <reporter-output>
          </reporter-output>
        </test-method> <!-- runScenario -->
        <test-method signature="runScenario(io.cucumber.testng.PickleWrapper,io.cucumber.testng.FeatureWrapper)[pri:0, instance:Runner.RunnerIo@306e95ec]" started-at="2022-04-05T12:01:09 IST" name="runScenario" description="Runs Cucumber Scenarios" data-provider="scenarios" finished-at="2022-04-05T12:01:20 IST" duration-ms="10620" status="PASS">
          <params>
            <param index="0">
              <value>
                <![CDATA["User will login to application using valid credentials"]]>
              </value>
            </param>
            <param index="1">
              <value>
                <![CDATA["Optional[Login module]"]]>
              </value>
            </param>
          </params>
          <reporter-output>
          </reporter-output>
        </test-method> <!-- runScenario -->
        <test-method signature="runScenario(io.cucumber.testng.PickleWrapper,io.cucumber.testng.FeatureWrapper)[pri:0, instance:Runner.RunnerIo@306e95ec]" started-at="2022-04-05T12:01:20 IST" name="runScenario" description="Runs Cucumber Scenarios" data-provider="scenarios" finished-at="2022-04-05T12:01:28 IST" duration-ms="8071" status="PASS">
          <params>
            <param index="0">
              <value>
                <![CDATA["User will login to application using invalidvalid credentials"]]>
              </value>
            </param>
            <param index="1">
              <value>
                <![CDATA["Optional[Login module]"]]>
              </value>
            </param>
          </params>
          <reporter-output>
          </reporter-output>
        </test-method> <!-- runScenario -->
        <test-method signature="runScenario(io.cucumber.testng.PickleWrapper,io.cucumber.testng.FeatureWrapper)[pri:0, instance:Runner.RunnerIo@306e95ec]" started-at="2022-04-05T12:01:28 IST" name="runScenario" description="Runs Cucumber Scenarios" data-provider="scenarios" finished-at="2022-04-05T12:01:38 IST" duration-ms="9901" status="PASS">
          <params>
            <param index="0">
              <value>
                <![CDATA["As a user i will login to application"]]>
              </value>
            </param>
            <param index="1">
              <value>
                <![CDATA["Optional[Login module]"]]>
              </value>
            </param>
          </params>
          <reporter-output>
          </reporter-output>
        </test-method> <!-- runScenario -->
        <test-method is-config="true" signature="tearDownClass()[pri:0, instance:Runner.RunnerIo@306e95ec]" started-at="2022-04-05T12:01:38 IST" name="tearDownClass" finished-at="2022-04-05T12:01:38 IST" duration-ms="501" status="PASS">
          <reporter-output>
          </reporter-output>
        </test-method> <!-- tearDownClass -->
      </class> <!-- Runner.RunnerIo -->
    </test> <!-- Default test -->
  </suite> <!-- Default suite -->
</testng-results>
