<?xml version="1.0" encoding="UTF-8"?>
<testng-results ignored="0" total="7" passed="7" failed="0" skipped="0">
  <reporter-output>
  </reporter-output>
  <suite started-at="2022-03-30T16:34:57 IST" name="Default suite" finished-at="2022-03-30T16:37:45 IST" duration-ms="167385">
    <groups>
      <group name="cucumber">
        <method signature="AbstractTestNGCucumberTests.runScenario(io.cucumber.testng.PickleWrapper,io.cucumber.testng.FeatureWrapper)[pri:0, instance:Runner.RunnerIo@306e95ec]" name="runScenario" class="io.cucumber.testng.AbstractTestNGCucumberTests"/>
      </group> <!-- cucumber -->
    </groups>
    <test started-at="2022-03-30T16:34:57 IST" name="Default test" finished-at="2022-03-30T16:37:45 IST" duration-ms="167385">
      <class name="Runner.RunnerIo">
        <test-method is-config="true" signature="setUpClass()[pri:0, instance:Runner.RunnerIo@306e95ec]" started-at="2022-03-30T16:34:58 IST" name="setUpClass" finished-at="2022-03-30T16:34:58 IST" duration-ms="910" status="PASS">
          <reporter-output>
          </reporter-output>
        </test-method> <!-- setUpClass -->
        <test-method signature="runScenario(io.cucumber.testng.PickleWrapper,io.cucumber.testng.FeatureWrapper)[pri:0, instance:Runner.RunnerIo@306e95ec]" started-at="2022-03-30T16:34:58 IST" name="runScenario" description="Runs Cucumber Scenarios" data-provider="scenarios" finished-at="2022-03-30T16:35:29 IST" duration-ms="30096" status="PASS">
          <params>
            <param index="0">
              <value>
                <![CDATA["As a user i will login to application and create a organization"]]>
              </value>
            </param>
            <param index="1">
              <value>
                <![CDATA["Optional[organization module]"]]>
              </value>
            </param>
          </params>
          <reporter-output>
          </reporter-output>
        </test-method> <!-- runScenario -->
        <test-method signature="runScenario(io.cucumber.testng.PickleWrapper,io.cucumber.testng.FeatureWrapper)[pri:0, instance:Runner.RunnerIo@306e95ec]" started-at="2022-03-30T16:35:29 IST" name="runScenario" description="Runs Cucumber Scenarios" data-provider="scenarios" finished-at="2022-03-30T16:35:57 IST" duration-ms="28798" status="PASS">
          <params>
            <param index="0">
              <value>
                <![CDATA["As a user i will login to application and create Multiple organization organization"]]>
              </value>
            </param>
            <param index="1">
              <value>
                <![CDATA["Optional[organization module]"]]>
              </value>
            </param>
          </params>
          <reporter-output>
          </reporter-output>
        </test-method> <!-- runScenario -->
        <test-method signature="runScenario(io.cucumber.testng.PickleWrapper,io.cucumber.testng.FeatureWrapper)[pri:0, instance:Runner.RunnerIo@306e95ec]" started-at="2022-03-30T16:35:57 IST" name="runScenario" description="Runs Cucumber Scenarios" data-provider="scenarios" finished-at="2022-03-30T16:36:34 IST" duration-ms="36480" status="PASS">
          <params>
            <param index="0">
              <value>
                <![CDATA["As a user i will login to application and create Multiple organization organization"]]>
              </value>
            </param>
            <param index="1">
              <value>
                <![CDATA["Optional[organization module]"]]>
              </value>
            </param>
          </params>
          <reporter-output>
          </reporter-output>
        </test-method> <!-- runScenario -->
        <test-method signature="runScenario(io.cucumber.testng.PickleWrapper,io.cucumber.testng.FeatureWrapper)[pri:0, instance:Runner.RunnerIo@306e95ec]" started-at="2022-03-30T16:36:34 IST" name="runScenario" description="Runs Cucumber Scenarios" data-provider="scenarios" finished-at="2022-03-30T16:37:14 IST" duration-ms="40508" status="PASS">
          <params>
            <param index="0">
              <value>
                <![CDATA["As a user i will login to application and create Multiple organization organization"]]>
              </value>
            </param>
            <param index="1">
              <value>
                <![CDATA["Optional[organization module]"]]>
              </value>
            </param>
          </params>
          <reporter-output>
          </reporter-output>
        </test-method> <!-- runScenario -->
        <test-method signature="runScenario(io.cucumber.testng.PickleWrapper,io.cucumber.testng.FeatureWrapper)[pri:0, instance:Runner.RunnerIo@306e95ec]" started-at="2022-03-30T16:37:14 IST" name="runScenario" description="Runs Cucumber Scenarios" data-provider="scenarios" finished-at="2022-03-30T16:37:26 IST" duration-ms="11895" status="PASS">
          <params>
            <param index="0">
              <value>
                <![CDATA["User will login to application using valid credentials"]]>
              </value>
            </param>
            <param index="1">
              <value>
                <![CDATA["Optional[Login module]"]]>
              </value>
            </param>
          </params>
          <reporter-output>
          </reporter-output>
        </test-method> <!-- runScenario -->
        <test-method signature="runScenario(io.cucumber.testng.PickleWrapper,io.cucumber.testng.FeatureWrapper)[pri:0, instance:Runner.RunnerIo@306e95ec]" started-at="2022-03-30T16:37:26 IST" name="runScenario" description="Runs Cucumber Scenarios" data-provider="scenarios" finished-at="2022-03-30T16:37:34 IST" duration-ms="8071" status="PASS">
          <params>
            <param index="0">
              <value>
                <![CDATA["User will login to application using invalidvalid credentials"]]>
              </value>
            </param>
            <param index="1">
              <value>
                <![CDATA["Optional[Login module]"]]>
              </value>
            </param>
          </params>
          <reporter-output>
          </reporter-output>
        </test-method> <!-- runScenario -->
        <test-method signature="runScenario(io.cucumber.testng.PickleWrapper,io.cucumber.testng.FeatureWrapper)[pri:0, instance:Runner.RunnerIo@306e95ec]" started-at="2022-03-30T16:37:34 IST" name="runScenario" description="Runs Cucumber Scenarios" data-provider="scenarios" finished-at="2022-03-30T16:37:44 IST" duration-ms="9956" status="PASS">
          <params>
            <param index="0">
              <value>
                <![CDATA["As a user i will login to application"]]>
              </value>
            </param>
            <param index="1">
              <value>
                <![CDATA["Optional[Login module]"]]>
              </value>
            </param>
          </params>
          <reporter-output>
          </reporter-output>
        </test-method> <!-- runScenario -->
        <test-method is-config="true" signature="tearDownClass()[pri:0, instance:Runner.RunnerIo@306e95ec]" started-at="2022-03-30T16:37:44 IST" name="tearDownClass" finished-at="2022-03-30T16:37:45 IST" duration-ms="571" status="PASS">
          <reporter-output>
          </reporter-output>
        </test-method> <!-- tearDownClass -->
      </class> <!-- Runner.RunnerIo -->
    </test> <!-- Default test -->
  </suite> <!-- Default suite -->
</testng-results>
